2024-01-29T15:08:10.163 - A
2024-01-29T15:08:10.171 - S
2024-01-29T15:08:10.286 - D
2024-01-29T15:08:10.294 - F
2024-01-29T15:08:10.430 - A
2024-01-29T15:08:10.438 - S
2024-01-29T15:08:10.510 - D
2024-01-29T15:08:10.599 - F
2024-01-29T15:08:10.720 - A
2024-01-29T15:08:10.743 - S
2024-01-29T15:08:10.814 - D
2024-01-29T15:08:10.903 - F
2024-01-29T15:08:11.039 - A
2024-01-29T15:08:11.055 - S
2024-01-29T15:08:11.134 - D
2024-01-29T15:08:11.398 - A
2024-01-29T15:08:11.407 - S
2024-01-29T15:08:11.463 - D
2024-01-29T15:08:11.503 - F
2024-01-29T15:08:11.623 - A
2024-01-29T15:08:11.638 - S
2024-01-29T15:08:11.703 - D
2024-01-29T15:08:11.759 - F
2024-01-29T15:09:42.821 - D
2024-01-29T15:09:43.110 - K
2024-01-29T15:09:43.214 - S
2024-01-29T15:09:43.326 - L
2024-01-29T15:09:43.646 - T
2024-01-29T15:09:43.662 - L
2024-01-29T15:09:43.807 - Q
2024-01-29T15:09:43.847 - K
2024-01-29T15:09:43.974 - F
2024-01-29T15:09:44.118 - W
2024-01-29T15:09:44.566 - Backspace
2024-01-29T15:09:44.678 - R
2024-01-29T15:09:44.806 - M
2024-01-29T15:09:44.864 - S
2024-01-29T15:09:44.918 - E
2024-01-29T15:09:45.014 - P
2024-01-29T15:09:45.054 - Space
2024-01-29T15:09:45.142 - S
2024-01-29T15:09:45.198 - L
2024-01-29T15:09:45.246 - R
2024-01-29T15:09:45.303 - K
2024-01-29T15:09:45.374 - Space
2024-01-29T15:09:45.454 - A
2024-01-29T15:09:45.510 - N
2024-01-29T15:09:45.663 - J
2024-01-29T15:09:45.798 - F
2024-01-29T15:09:46.222 - G
2024-01-29T15:09:46.326 - K
2024-01-29T15:09:46.382 - F
2024-01-29T15:09:46.606 - W
2024-01-29T15:09:46.687 - N
2024-01-29T15:09:46.758 - F
2024-01-29T15:09:46.918 - D
2024-01-29T15:09:46.966 - K
2024-01-29T15:09:47.078 - S
2024-01-29T15:09:47.118 - M
2024-01-29T15:09:47.222 - S
2024-01-29T15:09:47.254 - E
2024-01-29T15:09:47.326 - P
2024-01-29T15:09:47.478 - Space
2024-01-29T15:09:48.191 - Backspace
2024-01-29T15:09:48.318 - Backspace
2024-01-29T15:09:48.839 - Enter
2024-01-29T15:09:49.294 - Ctrl
2024-01-29T15:09:50.063 - Ctrl
2024-01-29T15:09:50.314 - Ctrl
2024-01-29T15:09:50.345 - Ctrl
2024-01-29T15:09:50.391 - Ctrl
2024-01-29T15:09:50.422 - Ctrl
2024-01-29T15:09:51.238 - Alt
2024-01-29T15:09:51.494 - Alt
2024-01-29T15:09:51.510 - F4
